<?xml version="1.0" encoding="UTF-8"?>
<!-- Generated by org.testng.reporters.JUnitReportReporter -->
<testsuite hostname="DESKTOP-72HVRCC" failures="0" tests="1" name="testCases.TC002_LoginTest" time="3.374" errors="0" timestamp="2025-08-21T14:14:52 IST" skipped="0">
  <testcase classname="testCases.TC002_LoginTest" name="verify_login" time="3.374"/>
</testsuite> <!-- testCases.TC002_LoginTest -->
