<?xml version="1.0" encoding="UTF-8"?>
<!-- Generated by org.testng.reporters.JUnitReportReporter -->
<testsuite hostname="DESKTOP-72HVRCC" failures="0" tests="1" name="testCases.TC001_AccountRegistrationTest" time="4.084" errors="0" timestamp="2025-08-21T14:14:52 IST" skipped="0">
  <testcase classname="testCases.TC001_AccountRegistrationTest" name="verify_account_registration" time="4.084"/>
</testsuite> <!-- testCases.TC001_AccountRegistrationTest -->
